Log file open, 12/12/20 22:58:56
LogWindows: Failed to load 'aqProf.dll' (GetLastError=126)
LogWindows: File 'aqProf.dll' does not exist
LogWindows: Failed to load 'VtuneApi.dll' (GetLastError=126)
LogWindows: File 'VtuneApi.dll' does not exist
LogWindows: Failed to load 'VtuneApi32e.dll' (GetLastError=126)
LogWindows: File 'VtuneApi32e.dll' does not exist
LogConsoleResponse: Display: Failed to find resolution value strings in scalability ini. Falling back to default.
LogInit: Display: Running engine for game: MazeGame_OlaJanus
LogPakFile: Registered encryption key '00000000000000000000000000000000': 0 pak files mounted, 0 remain pending
LogPlatformFile: Not using cached read wrapper
LogTaskGraph: Started task graph with 5 named threads and 35 total threads with 3 sets of task threads.
LogStats: Stats thread started at 0.532481
LogD3D11RHI: Loaded GFSDK_Aftermath_Lib.x64.dll
LogICUInternationalization: ICU TimeZone Detection - Raw Offset: +1:00, Platform Override: ''
LogPluginManager: Mounting plugin Paper2D
LogPluginManager: Mounting plugin AISupport
LogPluginManager: Mounting plugin LightPropagationVolume
LogPluginManager: Mounting plugin ActorLayerUtilities
LogPluginManager: Mounting plugin AnimationSharing
LogPluginManager: Mounting plugin CLionSourceCodeAccess
LogPluginManager: Mounting plugin CodeLiteSourceCodeAccess
LogPluginManager: Mounting plugin GitSourceControl
LogPluginManager: Mounting plugin KDevelopSourceCodeAccess
LogPluginManager: Mounting plugin NullSourceCodeAccess
LogPluginManager: Mounting plugin PerforceSourceControl
LogPluginManager: Mounting plugin SubversionSourceControl
LogPluginManager: Mounting plugin UObjectPlugin
LogPluginManager: Mounting plugin VisualStudioCodeSourceCodeAccess
LogPluginManager: Mounting plugin VisualStudioSourceCodeAccess
LogPluginManager: Mounting plugin XCodeSourceCodeAccess
LogPluginManager: Mounting plugin AssetManagerEditor
LogPluginManager: Mounting plugin CryptoKeys
LogPluginManager: Mounting plugin DataValidation
LogPluginManager: Mounting plugin FacialAnimation
LogPluginManager: Mounting plugin GameplayTagsEditor
LogPluginManager: Mounting plugin MacGraphicsSwitching
LogPluginManager: Mounting plugin MaterialAnalyzer
LogPluginManager: Mounting plugin MobileLauncherProfileWizard
LogPluginManager: Mounting plugin PluginBrowser
LogPluginManager: Mounting plugin SpeedTreeImporter
LogPluginManager: Mounting plugin DatasmithContent
LogPluginManager: Mounting plugin VariantManagerContent
LogPluginManager: Mounting plugin AlembicImporter
LogPluginManager: Mounting plugin AppleImageUtils
LogPluginManager: Mounting plugin AppleVision
LogPluginManager: Mounting plugin BackChannel
LogPluginManager: Mounting plugin CharacterAI
LogPluginManager: Mounting plugin GeometryCache
LogPluginManager: Mounting plugin HTML5Networking
LogPluginManager: Mounting plugin ProxyLODPlugin
LogPluginManager: Mounting plugin SkeletalReduction
LogPluginManager: Mounting plugin MagicLeap
LogPluginManager: Mounting plugin MagicLeapMedia
LogPluginManager: Mounting plugin AndroidMedia
LogPluginManager: Mounting plugin AvfMedia
LogPluginManager: Mounting plugin ImgMedia
LogPluginManager: Mounting plugin LinearTimecode
LogPluginManager: Mounting plugin MediaCompositing
LogPluginManager: Mounting plugin MediaPlayerEditor
LogPluginManager: Mounting plugin WebMMedia
LogPluginManager: Mounting plugin WmfMedia
LogPluginManager: Mounting plugin TcpMessaging
LogPluginManager: Mounting plugin UdpMessaging
LogPluginManager: Mounting plugin ActorSequence
LogPluginManager: Mounting plugin LevelSequenceEditor
LogPluginManager: Mounting plugin MatineeToLevelSequence
LogPluginManager: Mounting plugin NetcodeUnitTest
LogPluginManager: Mounting plugin NUTUnrealEngine4
LogPluginManager: Mounting plugin OnlineSubsystemGooglePlay
LogPluginManager: Mounting plugin OnlineSubsystemIOS
LogPluginManager: Mounting plugin OnlineSubsystem
LogPluginManager: Mounting plugin OnlineSubsystemNull
LogPluginManager: Mounting plugin OnlineSubsystemUtils
LogPluginManager: Mounting plugin LauncherChunkInstaller
LogPluginManager: Mounting plugin AndroidDeviceProfileSelector
LogPluginManager: Mounting plugin AndroidMoviePlayer
LogPluginManager: Mounting plugin AndroidPermission
LogPluginManager: Mounting plugin AppleMoviePlayer
LogPluginManager: Mounting plugin ArchVisCharacter
LogPluginManager: Mounting plugin AudioCapture
LogPluginManager: Mounting plugin CableComponent
LogPluginManager: Mounting plugin CustomMeshComponent
LogPluginManager: Mounting plugin EditableMesh
LogPluginManager: Mounting plugin ExampleDeviceProfileSelector
LogPluginManager: Mounting plugin Firebase
LogPluginManager: Mounting plugin GoogleCloudMessaging
LogPluginManager: Mounting plugin IOSDeviceProfileSelector
LogPluginManager: Mounting plugin LinuxDeviceProfileSelector
LogPluginManager: Mounting plugin LocationServicesBPLibrary
LogPluginManager: Mounting plugin MobilePatchingUtils
LogPluginManager: Mounting plugin OculusVR
LogPluginManager: Mounting plugin PhysXVehicles
LogPluginManager: Mounting plugin ProceduralMeshComponent
LogPluginManager: Mounting plugin RuntimePhysXCooking
LogPluginManager: Mounting plugin SignificanceManager
LogPluginManager: Mounting plugin SteamVR
LogPluginManager: Mounting plugin WebMMoviePlayer
LogPluginManager: Mounting plugin WindowsMoviePlayer
LogInit: Using libcurl 7.55.1-DEV
LogInit:  - built for x86_64-pc-win32
LogInit:  - supports SSL with OpenSSL/1.1.1
LogInit:  - supports HTTP deflate (compression) using libz 1.2.8
LogInit:  - other features:
LogInit:      CURL_VERSION_SSL
LogInit:      CURL_VERSION_LIBZ
LogInit:      CURL_VERSION_IPV6
LogInit:      CURL_VERSION_ASYNCHDNS
LogInit:      CURL_VERSION_LARGEFILE
LogInit:      CURL_VERSION_IDN
LogInit:  CurlRequestOptions (configurable via config and command line):
LogInit:  - bVerifyPeer = true  - Libcurl will verify peer certificate
LogInit:  - bUseHttpProxy = false  - Libcurl will NOT use HTTP proxy
LogInit:  - bDontReuseConnections = false  - Libcurl will reuse connections
LogInit:  - MaxHostConnections = 16  - Libcurl will limit the number of connections to a host
LogInit:  - LocalHostAddr = Default
LogInit:  - BufferSize = 65536
LogInit: WinSock: version 1.1 (2.2), MaxSocks=32767, MaxUdp=65467
LogInit: Build: ++UE4+Release-4.22-CL-7053642
LogInit: Engine Version: 4.22.3-7053642+++UE4+Release-4.22
LogInit: Compatible Engine Version: 4.22.0-5660361+++UE4+Release-4.22
LogInit: Net CL: 5660361
LogInit: OS: Windows 10 (Release 2004) (), CPU: Intel(R) Core(TM) i7-8700K CPU @ 3.70GHz, GPU: NVIDIA GeForce GTX 1080
LogInit: Compiled (64-bit): Jun 18 2019 03:09:11
LogInit: Compiled with Visual C++: 19.16.27025.01
LogInit: Build Configuration: Development
LogInit: Branch Name: ++UE4+Release-4.22
LogInit: Command Line: 
LogInit: Base Directory: D:/UE_4.22/Engine/Binaries/Win64/
LogInit: Installed Engine Build: 1
LogDevObjectVersion: Number of dev versions registered: 23
LogDevObjectVersion:   Dev-Blueprints (B0D832E4-1F89-4F0D-ACCF-7EB736FD4AA2): 10
LogDevObjectVersion:   Dev-Build (E1C64328-A22C-4D53-A36C-8E866417BD8C): 0
LogDevObjectVersion:   Dev-Core (375EC13C-06E4-48FB-B500-84F0262A717E): 3
LogDevObjectVersion:   Dev-Editor (E4B068ED-F494-42E9-A231-DA0B2E46BB41): 30
LogDevObjectVersion:   Dev-Framework (CFFC743F-43B0-4480-9391-14DF171D2073): 35
LogDevObjectVersion:   Dev-Mobile (B02B49B5-BB20-44E9-A304-32B752E40360): 2
LogDevObjectVersion:   Dev-Networking (A4E4105C-59A1-49B5-A7C5-40C4547EDFEE): 0
LogDevObjectVersion:   Dev-Online (39C831C9-5AE6-47DC-9A44-9C173E1C8E7C): 0
LogDevObjectVersion:   Dev-Physics (78F01B33-EBEA-4F98-B9B4-84EACCB95AA2): 0
LogDevObjectVersion:   Dev-Platform (6631380F-2D4D-43E0-8009-CF276956A95A): 0
LogDevObjectVersion:   Dev-Rendering (12F88B9F-8875-4AFC-A67C-D90C383ABD29): 28
LogDevObjectVersion:   Dev-Sequencer (7B5AE74C-D270-4C10-A958-57980B212A5A): 11
LogDevObjectVersion:   Dev-VR (D7296918-1DD6-4BDD-9DE2-64A83CC13884): 2
LogDevObjectVersion:   Dev-LoadTimes (C2A15278-BFE7-4AFE-6C17-90FF531DF755): 1
LogDevObjectVersion:   Private-Geometry (6EACA3D4-40EC-4CC1-B786-8BED09428FC5): 3
LogDevObjectVersion:   Dev-AnimPhys (29E575DD-E0A3-4627-9D10-D276232CDCEA): 17
LogDevObjectVersion:   Dev-Anim (AF43A65D-7FD3-4947-9873-3E8ED9C1BB05): 2
LogDevObjectVersion:   Dev-ReflectionCapture (6B266CEC-1EC7-4B8F-A30B-E4D90942FC07): 1
LogDevObjectVersion:   Dev-Automation (0DF73D61-A23F-47EA-B727-89E90C41499A): 1
LogDevObjectVersion:   FortniteMain (601D1886-AC64-4F84-AA16-D3DE0DEAC7D6): 25
LogDevObjectVersion:   Dev-Enterprise (9DFFBCD6-494F-0158-E221-12823C92A888): 6
LogDevObjectVersion:   Dev-Niagara (F2AED0AC-9AFE-416F-8664-AA7FFA26D6FC): 1
LogDevObjectVersion:   Dev-Destruction (174F1F0B-B4C6-45A5-B13F-2EE8D0FB917D): 2
LogInit: Presizing for max 16777216 objects, including 0 objects not considered by GC, pre-allocating 0 bytes for permanent pool.
LogInit: Object subsystem initialized
LogConfig: Setting CVar [[con.DebugEarlyDefault:1]]
LogConfig: Setting CVar [[r.setres:1280x720]]
[2020.12.12-21.58.57:014][  0]LogConfig: Setting CVar [[r.VSync:0]]
[2020.12.12-21.58.57:014][  0]LogConfig: Setting CVar [[r.RHICmdBypass:0]]
[2020.12.12-21.58.57:014][  0]LogConfig: Applying CVar settings from Section [/Script/Engine.RendererSettings] File [D:/MAZEGAME/MazeGame_OlaJanus/Saved/Config/Windows/Engine.ini]
[2020.12.12-21.58.57:014][  0]LogConfig: Setting CVar [[r.GPUCrashDebugging:0]]
[2020.12.12-21.58.57:014][  0]LogConfig: Setting CVar [[r.DefaultFeature.AutoExposure.ExtendDefaultLuminanceRange:1]]
[2020.12.12-21.58.57:014][  0]LogConfig: Applying CVar settings from Section [/Script/Engine.RendererOverrideSettings] File [D:/MAZEGAME/MazeGame_OlaJanus/Saved/Config/Windows/Engine.ini]
[2020.12.12-21.58.57:014][  0]LogConfig: Applying CVar settings from Section [/Script/Engine.StreamingSettings] File [D:/MAZEGAME/MazeGame_OlaJanus/Saved/Config/Windows/Engine.ini]
[2020.12.12-21.58.57:014][  0]LogConfig: Setting CVar [[s.MinBulkDataSizeForAsyncLoading:131072]]
[2020.12.12-21.58.57:014][  0]LogConfig: Setting CVar [[s.AsyncLoadingThreadEnabled:0]]
[2020.12.12-21.58.57:014][  0]LogConfig: Setting CVar [[s.EventDrivenLoaderEnabled:1]]
[2020.12.12-21.58.57:014][  0]LogConfig: Setting CVar [[s.WarnIfTimeLimitExceeded:0]]
[2020.12.12-21.58.57:014][  0]LogConfig: Setting CVar [[s.TimeLimitExceededMultiplier:1.5]]
[2020.12.12-21.58.57:014][  0]LogConfig: Setting CVar [[s.TimeLimitExceededMinTime:0.005]]
[2020.12.12-21.58.57:014][  0]LogConfig: Setting CVar [[s.UseBackgroundLevelStreaming:1]]
[2020.12.12-21.58.57:014][  0]LogConfig: Setting CVar [[s.PriorityAsyncLoadingExtraTime:15.0]]
[2020.12.12-21.58.57:014][  0]LogConfig: Setting CVar [[s.LevelStreamingActorsUpdateTimeLimit:5.0]]
[2020.12.12-21.58.57:014][  0]LogConfig: Setting CVar [[s.PriorityLevelStreamingActorsUpdateExtraTime:5.0]]
[2020.12.12-21.58.57:014][  0]LogConfig: Setting CVar [[s.LevelStreamingComponentsRegistrationGranularity:10]]
[2020.12.12-21.58.57:014][  0]LogConfig: Setting CVar [[s.UnregisterComponentsTimeLimit:1.0]]
[2020.12.12-21.58.57:014][  0]LogConfig: Setting CVar [[s.LevelStreamingComponentsUnregistrationGranularity:5]]
[2020.12.12-21.58.57:014][  0]LogConfig: Applying CVar settings from Section [/Script/Engine.GarbageCollectionSettings] File [D:/MAZEGAME/MazeGame_OlaJanus/Saved/Config/Windows/Engine.ini]
[2020.12.12-21.58.57:014][  0]LogConfig: Setting CVar [[gc.MaxObjectsNotConsideredByGC:1]]
[2020.12.12-21.58.57:015][  0]LogConfig: Setting CVar [[gc.SizeOfPermanentObjectPool:0]]
[2020.12.12-21.58.57:015][  0]LogConfig: Setting CVar [[gc.FlushStreamingOnGC:0]]
[2020.12.12-21.58.57:015][  0]LogConfig: Setting CVar [[gc.NumRetriesBeforeForcingGC:10]]
[2020.12.12-21.58.57:015][  0]LogConfig: Setting CVar [[gc.AllowParallelGC:1]]
[2020.12.12-21.58.57:015][  0]LogConfig: Setting CVar [[gc.TimeBetweenPurgingPendingKillObjects:61.1]]
[2020.12.12-21.58.57:015][  0]LogConfig: Setting CVar [[gc.MaxObjectsInEditor:16777216]]
[2020.12.12-21.58.57:015][  0]LogConfig: Setting CVar [[gc.IncrementalBeginDestroyEnabled:1]]
[2020.12.12-21.58.57:015][  0]LogConfig: Setting CVar [[gc.CreateGCClusters:1]]
[2020.12.12-21.58.57:015][  0]LogConfig: Setting CVar [[gc.MinGCClusterSize:5]]
[2020.12.12-21.58.57:015][  0]LogConfig: Setting CVar [[gc.ActorClusteringEnabled:0]]
[2020.12.12-21.58.57:015][  0]LogConfig: Setting CVar [[gc.BlueprintClusteringEnabled:0]]
[2020.12.12-21.58.57:015][  0]LogConfig: Setting CVar [[gc.UseDisregardForGCOnDedicatedServers:0]]
[2020.12.12-21.58.57:015][  0]LogConfig: Applying CVar settings from Section [/Script/Engine.NetworkSettings] File [D:/MAZEGAME/MazeGame_OlaJanus/Saved/Config/Windows/Engine.ini]
[2020.12.12-21.58.57:015][  0]LogConfig: Applying CVar settings from Section [/Script/UnrealEd.CookerSettings] File [D:/MAZEGAME/MazeGame_OlaJanus/Saved/Config/Windows/Engine.ini]
[2020.12.12-21.58.57:018][  0]LogConfig: Applying CVar settings from Section [ViewDistanceQuality@3] File [D:/MAZEGAME/MazeGame_OlaJanus/Saved/Config/Windows/Scalability.ini]
[2020.12.12-21.58.57:018][  0]LogConfig: Setting CVar [[r.SkeletalMeshLODBias:0]]
[2020.12.12-21.58.57:018][  0]LogConfig: Setting CVar [[r.ViewDistanceScale:1.0]]
[2020.12.12-21.58.57:018][  0]LogConfig: Applying CVar settings from Section [AntiAliasingQuality@3] File [D:/MAZEGAME/MazeGame_OlaJanus/Saved/Config/Windows/Scalability.ini]
[2020.12.12-21.58.57:018][  0]LogConfig: Setting CVar [[r.PostProcessAAQuality:4]]
[2020.12.12-21.58.57:018][  0]LogConfig: Applying CVar settings from Section [ShadowQuality@3] File [D:/MAZEGAME/MazeGame_OlaJanus/Saved/Config/Windows/Scalability.ini]
[2020.12.12-21.58.57:018][  0]LogConfig: Setting CVar [[r.LightFunctionQuality:1]]
[2020.12.12-21.58.57:018][  0]LogConfig: Setting CVar [[r.ShadowQuality:5]]
[2020.12.12-21.58.57:018][  0]LogConfig: Setting CVar [[r.Shadow.CSM.MaxCascades:10]]
[2020.12.12-21.58.57:018][  0]LogConfig: Setting CVar [[r.Shadow.MaxResolution:2048]]
[2020.12.12-21.58.57:018][  0]LogConfig: Setting CVar [[r.Shadow.MaxCSMResolution:2048]]
[2020.12.12-21.58.57:018][  0]LogConfig: Setting CVar [[r.Shadow.RadiusThreshold:0.01]]
[2020.12.12-21.58.57:018][  0]LogConfig: Setting CVar [[r.Shadow.DistanceScale:1.0]]
[2020.12.12-21.58.57:018][  0]LogConfig: Setting CVar [[r.Shadow.CSM.TransitionScale:1.0]]
[2020.12.12-21.58.57:018][  0]LogConfig: Setting CVar [[r.Shadow.PreShadowResolutionFactor:1.0]]
[2020.12.12-21.58.57:018][  0]LogConfig: Setting CVar [[r.DistanceFieldShadowing:1]]
[2020.12.12-21.58.57:018][  0]LogConfig: Setting CVar [[r.DistanceFieldAO:1]]
[2020.12.12-21.58.57:018][  0]LogConfig: Setting CVar [[r.AOQuality:2]]
[2020.12.12-21.58.57:018][  0]LogConfig: Setting CVar [[r.VolumetricFog:1]]
[2020.12.12-21.58.57:018][  0]LogConfig: Setting CVar [[r.VolumetricFog.GridPixelSize:8]]
[2020.12.12-21.58.57:018][  0]LogConfig: Setting CVar [[r.VolumetricFog.GridSizeZ:128]]
[2020.12.12-21.58.57:018][  0]LogConfig: Setting CVar [[r.VolumetricFog.HistoryMissSupersampleCount:4]]
[2020.12.12-21.58.57:018][  0]LogConfig: Setting CVar [[r.LightMaxDrawDistanceScale:1]]
[2020.12.12-21.58.57:018][  0]LogConfig: Setting CVar [[r.CapsuleShadows:1]]
[2020.12.12-21.58.57:018][  0]LogConfig: Applying CVar settings from Section [PostProcessQuality@3] File [D:/MAZEGAME/MazeGame_OlaJanus/Saved/Config/Windows/Scalability.ini]
[2020.12.12-21.58.57:018][  0]LogConfig: Setting CVar [[r.MotionBlurQuality:4]]
[2020.12.12-21.58.57:018][  0]LogConfig: Setting CVar [[r.AmbientOcclusionMipLevelFactor:0.4]]
[2020.12.12-21.58.57:018][  0]LogConfig: Setting CVar [[r.AmbientOcclusionMaxQuality:100]]
[2020.12.12-21.58.57:018][  0]LogConfig: Setting CVar [[r.AmbientOcclusionLevels:-1]]
[2020.12.12-21.58.57:018][  0]LogConfig: Setting CVar [[r.AmbientOcclusionRadiusScale:1.0]]
[2020.12.12-21.58.57:018][  0]LogConfig: Setting CVar [[r.DepthOfFieldQuality:2]]
[2020.12.12-21.58.57:018][  0]LogConfig: Setting CVar [[r.RenderTargetPoolMin:400]]
[2020.12.12-21.58.57:018][  0]LogConfig: Setting CVar [[r.LensFlareQuality:2]]
[2020.12.12-21.58.57:018][  0]LogConfig: Setting CVar [[r.SceneColorFringeQuality:1]]
[2020.12.12-21.58.57:018][  0]LogConfig: Setting CVar [[r.EyeAdaptationQuality:2]]
[2020.12.12-21.58.57:018][  0]LogConfig: Setting CVar [[r.BloomQuality:5]]
[2020.12.12-21.58.57:018][  0]LogConfig: Setting CVar [[r.FastBlurThreshold:100]]
[2020.12.12-21.58.57:018][  0]LogConfig: Setting CVar [[r.Upscale.Quality:3]]
[2020.12.12-21.58.57:018][  0]LogConfig: Setting CVar [[r.Tonemapper.GrainQuantization:1]]
[2020.12.12-21.58.57:018][  0]LogConfig: Setting CVar [[r.LightShaftQuality:1]]
[2020.12.12-21.58.57:018][  0]LogConfig: Setting CVar [[r.Filter.SizeScale:1]]
[2020.12.12-21.58.57:018][  0]LogConfig: Setting CVar [[r.Tonemapper.Quality:5]]
[2020.12.12-21.58.57:018][  0]LogConfig: Setting CVar [[r.DOF.Gather.AccumulatorQuality:1        ; higher gathering accumulator quality]]
[2020.12.12-21.58.57:018][  0]LogConfig: Setting CVar [[r.DOF.Gather.PostfilterMethod:1          ; Median3x3 postfilering method]]
[2020.12.12-21.58.57:018][  0]LogConfig: Setting CVar [[r.DOF.Gather.EnableBokehSettings:0       ; no bokeh simulation when gathering]]
[2020.12.12-21.58.57:018][  0]LogConfig: Setting CVar [[r.DOF.Gather.RingCount:4                 ; medium number of samples when gathering]]
[2020.12.12-21.58.57:018][  0]LogConfig: Setting CVar [[r.DOF.Scatter.ForegroundCompositing:1    ; additive foreground scattering]]
[2020.12.12-21.58.57:019][  0]LogConfig: Setting CVar [[r.DOF.Scatter.BackgroundCompositing:2    ; additive background scattering]]
[2020.12.12-21.58.57:019][  0]LogConfig: Setting CVar [[r.DOF.Scatter.EnableBokehSettings:1      ; bokeh simulation when scattering]]
[2020.12.12-21.58.57:019][  0]LogConfig: Setting CVar [[r.DOF.Scatter.MaxSpriteRatio:0.1         ; only a maximum of 10% of scattered bokeh]]
[2020.12.12-21.58.57:019][  0]LogConfig: Setting CVar [[r.DOF.Recombine.Quality:1                ; cheap slight out of focus]]
[2020.12.12-21.58.57:019][  0]LogConfig: Setting CVar [[r.DOF.Recombine.EnableBokehSettings:0    ; no bokeh simulation on slight out of focus]]
[2020.12.12-21.58.57:019][  0]LogConfig: Setting CVar [[r.DOF.TemporalAAQuality:1                ; more stable temporal accumulation]]
[2020.12.12-21.58.57:019][  0]LogConfig: Setting CVar [[r.DOF.Kernel.MaxForegroundRadius:0.025]]
[2020.12.12-21.58.57:019][  0]LogConfig: Setting CVar [[r.DOF.Kernel.MaxBackgroundRadius:0.025]]
[2020.12.12-21.58.57:019][  0]LogConfig: Applying CVar settings from Section [TextureQuality@3] File [D:/MAZEGAME/MazeGame_OlaJanus/Saved/Config/Windows/Scalability.ini]
[2020.12.12-21.58.57:019][  0]LogConfig: Setting CVar [[r.Streaming.MipBias:0]]
[2020.12.12-21.58.57:019][  0]LogConfig: Setting CVar [[r.Streaming.AmortizeCPUToGPUCopy:0]]
[2020.12.12-21.58.57:019][  0]LogConfig: Setting CVar [[r.Streaming.MaxNumTexturesToStreamPerFrame:0]]
[2020.12.12-21.58.57:019][  0]LogConfig: Setting CVar [[r.Streaming.Boost:1]]
[2020.12.12-21.58.57:019][  0]LogConfig: Setting CVar [[r.MaxAnisotropy:8]]
[2020.12.12-21.58.57:019][  0]LogConfig: Setting CVar [[r.Streaming.LimitPoolSizeToVRAM:0]]
[2020.12.12-21.58.57:019][  0]LogConfig: Setting CVar [[r.Streaming.PoolSize:1000]]
[2020.12.12-21.58.57:019][  0]LogConfig: Setting CVar [[r.Streaming.MaxEffectiveScreenSize:0]]
[2020.12.12-21.58.57:019][  0]LogConfig: Applying CVar settings from Section [EffectsQuality@3] File [D:/MAZEGAME/MazeGame_OlaJanus/Saved/Config/Windows/Scalability.ini]
[2020.12.12-21.58.57:019][  0]LogConfig: Setting CVar [[r.TranslucencyLightingVolumeDim:64]]
[2020.12.12-21.58.57:019][  0]LogConfig: Setting CVar [[r.RefractionQuality:2]]
[2020.12.12-21.58.57:019][  0]LogConfig: Setting CVar [[r.SSR.Quality:3]]
[2020.12.12-21.58.57:019][  0]LogConfig: Setting CVar [[r.SceneColorFormat:4]]
[2020.12.12-21.58.57:019][  0]LogConfig: Setting CVar [[r.DetailMode:2]]
[2020.12.12-21.58.57:019][  0]LogConfig: Setting CVar [[r.TranslucencyVolumeBlur:1]]
[2020.12.12-21.58.57:019][  0]LogConfig: Setting CVar [[r.MaterialQualityLevel:1 ; High quality]]
[2020.12.12-21.58.57:019][  0]LogConfig: Setting CVar [[r.SSS.Scale:1]]
[2020.12.12-21.58.57:019][  0]LogConfig: Setting CVar [[r.SSS.SampleSet:2]]
[2020.12.12-21.58.57:019][  0]LogConfig: Setting CVar [[r.SSS.Quality:1]]
[2020.12.12-21.58.57:019][  0]LogConfig: Setting CVar [[r.SSS.HalfRes:1]]
[2020.12.12-21.58.57:019][  0]LogConfig: Setting CVar [[r.EmitterSpawnRateScale:1.0]]
[2020.12.12-21.58.57:019][  0]LogConfig: Setting CVar [[r.ParticleLightQuality:2]]
[2020.12.12-21.58.57:019][  0]LogConfig: Applying CVar settings from Section [FoliageQuality@3] File [D:/MAZEGAME/MazeGame_OlaJanus/Saved/Config/Windows/Scalability.ini]
[2020.12.12-21.58.57:019][  0]LogConfig: Setting CVar [[foliage.DensityScale:1.0]]
[2020.12.12-21.58.57:019][  0]LogConfig: Setting CVar [[grass.DensityScale:1.0]]
[2020.12.12-21.58.57:019][  0]LogInit: Selected Device Profile: [Windows]
[2020.12.12-21.58.57:019][  0]LogInit: Applying CVar settings loaded from the selected device profile: [Windows]
[2020.12.12-21.58.57:024][  0]LogHAL: Display: Platform has ~ 32 GB [34233180160 / 34359738368 / 32], which maps to Largest [LargestMinGB=32, LargerMinGB=12, DefaultMinGB=8, SmallerMinGB=6, SmallestMinGB=0)
[2020.12.12-21.58.57:025][  0]LogConfig: Setting CVar [[r.Vulkan.UseRealUBs:0		; Required until we fix HLR fall-out]]
[2020.12.12-21.58.57:025][  0]LogInit: Going up to parent DeviceProfile []
[2020.12.12-21.58.57:025][  0]LogConfig: Applying CVar settings from Section [ViewDistanceQuality@3] File [D:/MAZEGAME/MazeGame_OlaJanus/Saved/Config/Windows/Scalability.ini]
[2020.12.12-21.58.57:025][  0]LogConfig: Setting CVar [[r.SkeletalMeshLODBias:0]]
[2020.12.12-21.58.57:025][  0]LogConfig: Setting CVar [[r.ViewDistanceScale:1.0]]
[2020.12.12-21.58.57:025][  0]LogConfig: Applying CVar settings from Section [AntiAliasingQuality@3] File [D:/MAZEGAME/MazeGame_OlaJanus/Saved/Config/Windows/Scalability.ini]
[2020.12.12-21.58.57:025][  0]LogConfig: Setting CVar [[r.PostProcessAAQuality:4]]
[2020.12.12-21.58.57:025][  0]LogConfig: Applying CVar settings from Section [ShadowQuality@3] File [D:/MAZEGAME/MazeGame_OlaJanus/Saved/Config/Windows/Scalability.ini]
[2020.12.12-21.58.57:025][  0]LogConfig: Setting CVar [[r.LightFunctionQuality:1]]
[2020.12.12-21.58.57:025][  0]LogConfig: Setting CVar [[r.ShadowQuality:5]]
[2020.12.12-21.58.57:025][  0]LogConfig: Setting CVar [[r.Shadow.CSM.MaxCascades:10]]
[2020.12.12-21.58.57:025][  0]LogConfig: Setting CVar [[r.Shadow.MaxResolution:2048]]
[2020.12.12-21.58.57:025][  0]LogConfig: Setting CVar [[r.Shadow.MaxCSMResolution:2048]]
[2020.12.12-21.58.57:025][  0]LogConfig: Setting CVar [[r.Shadow.RadiusThreshold:0.01]]
[2020.12.12-21.58.57:025][  0]LogConfig: Setting CVar [[r.Shadow.DistanceScale:1.0]]
[2020.12.12-21.58.57:025][  0]LogConfig: Setting CVar [[r.Shadow.CSM.TransitionScale:1.0]]
[2020.12.12-21.58.57:025][  0]LogConfig: Setting CVar [[r.Shadow.PreShadowResolutionFactor:1.0]]
[2020.12.12-21.58.57:025][  0]LogConfig: Setting CVar [[r.DistanceFieldShadowing:1]]
[2020.12.12-21.58.57:025][  0]LogConfig: Setting CVar [[r.DistanceFieldAO:1]]
[2020.12.12-21.58.57:025][  0]LogConfig: Setting CVar [[r.AOQuality:2]]
[2020.12.12-21.58.57:025][  0]LogConfig: Setting CVar [[r.VolumetricFog:1]]
[2020.12.12-21.58.57:025][  0]LogConfig: Setting CVar [[r.VolumetricFog.GridPixelSize:8]]
[2020.12.12-21.58.57:025][  0]LogConfig: Setting CVar [[r.VolumetricFog.GridSizeZ:128]]
[2020.12.12-21.58.57:025][  0]LogConfig: Setting CVar [[r.VolumetricFog.HistoryMissSupersampleCount:4]]
[2020.12.12-21.58.57:025][  0]LogConfig: Setting CVar [[r.LightMaxDrawDistanceScale:1]]
[2020.12.12-21.58.57:025][  0]LogConfig: Setting CVar [[r.CapsuleShadows:1]]
[2020.12.12-21.58.57:025][  0]LogConfig: Applying CVar settings from Section [PostProcessQuality@3] File [D:/MAZEGAME/MazeGame_OlaJanus/Saved/Config/Windows/Scalability.ini]
[2020.12.12-21.58.57:025][  0]LogConfig: Setting CVar [[r.MotionBlurQuality:4]]
[2020.12.12-21.58.57:025][  0]LogConfig: Setting CVar [[r.AmbientOcclusionMipLevelFactor:0.4]]
[2020.12.12-21.58.57:025][  0]LogConfig: Setting CVar [[r.AmbientOcclusionMaxQuality:100]]
[2020.12.12-21.58.57:025][  0]LogConfig: Setting CVar [[r.AmbientOcclusionLevels:-1]]
[2020.12.12-21.58.57:025][  0]LogConfig: Setting CVar [[r.AmbientOcclusionRadiusScale:1.0]]
[2020.12.12-21.58.57:025][  0]LogConfig: Setting CVar [[r.DepthOfFieldQuality:2]]
[2020.12.12-21.58.57:025][  0]LogConfig: Setting CVar [[r.RenderTargetPoolMin:400]]
[2020.12.12-21.58.57:025][  0]LogConfig: Setting CVar [[r.LensFlareQuality:2]]
[2020.12.12-21.58.57:025][  0]LogConfig: Setting CVar [[r.SceneColorFringeQuality:1]]
[2020.12.12-21.58.57:025][  0]LogConfig: Setting CVar [[r.EyeAdaptationQuality:2]]
[2020.12.12-21.58.57:025][  0]LogConfig: Setting CVar [[r.BloomQuality:5]]
[2020.12.12-21.58.57:025][  0]LogConfig: Setting CVar [[r.FastBlurThreshold:100]]
[2020.12.12-21.58.57:025][  0]LogConfig: Setting CVar [[r.Upscale.Quality:3]]
[2020.12.12-21.58.57:025][  0]LogConfig: Setting CVar [[r.Tonemapper.GrainQuantization:1]]
[2020.12.12-21.58.57:025][  0]LogConfig: Setting CVar [[r.LightShaftQuality:1]]
[2020.12.12-21.58.57:025][  0]LogConfig: Setting CVar [[r.Filter.SizeScale:1]]
[2020.12.12-21.58.57:025][  0]LogConfig: Setting CVar [[r.Tonemapper.Quality:5]]
[2020.12.12-21.58.57:025][  0]LogConfig: Setting CVar [[r.DOF.Gather.AccumulatorQuality:1        ; higher gathering accumulator quality]]
[2020.12.12-21.58.57:025][  0]LogConfig: Setting CVar [[r.DOF.Gather.PostfilterMethod:1          ; Median3x3 postfilering method]]
[2020.12.12-21.58.57:025][  0]LogConfig: Setting CVar [[r.DOF.Gather.EnableBokehSettings:0       ; no bokeh simulation when gathering]]
[2020.12.12-21.58.57:025][  0]LogConfig: Setting CVar [[r.DOF.Gather.RingCount:4                 ; medium number of samples when gathering]]
[2020.12.12-21.58.57:025][  0]LogConfig: Setting CVar [[r.DOF.Scatter.ForegroundCompositing:1    ; additive foreground scattering]]
[2020.12.12-21.58.57:025][  0]LogConfig: Setting CVar [[r.DOF.Scatter.BackgroundCompositing:2    ; additive background scattering]]
[2020.12.12-21.58.57:025][  0]LogConfig: Setting CVar [[r.DOF.Scatter.EnableBokehSettings:1      ; bokeh simulation when scattering]]
[2020.12.12-21.58.57:025][  0]LogConfig: Setting CVar [[r.DOF.Scatter.MaxSpriteRatio:0.1         ; only a maximum of 10% of scattered bokeh]]
[2020.12.12-21.58.57:025][  0]LogConfig: Setting CVar [[r.DOF.Recombine.Quality:1                ; cheap slight out of focus]]
[2020.12.12-21.58.57:025][  0]LogConfig: Setting CVar [[r.DOF.Recombine.EnableBokehSettings:0    ; no bokeh simulation on slight out of focus]]
[2020.12.12-21.58.57:025][  0]LogConfig: Setting CVar [[r.DOF.TemporalAAQuality:1                ; more stable temporal accumulation]]
[2020.12.12-21.58.57:025][  0]LogConfig: Setting CVar [[r.DOF.Kernel.MaxForegroundRadius:0.025]]
[2020.12.12-21.58.57:025][  0]LogConfig: Setting CVar [[r.DOF.Kernel.MaxBackgroundRadius:0.025]]
[2020.12.12-21.58.57:025][  0]LogConfig: Applying CVar settings from Section [TextureQuality@3] File [D:/MAZEGAME/MazeGame_OlaJanus/Saved/Config/Windows/Scalability.ini]
[2020.12.12-21.58.57:025][  0]LogConfig: Setting CVar [[r.Streaming.MipBias:0]]
[2020.12.12-21.58.57:025][  0]LogConfig: Setting CVar [[r.Streaming.AmortizeCPUToGPUCopy:0]]
[2020.12.12-21.58.57:025][  0]LogConfig: Setting CVar [[r.Streaming.MaxNumTexturesToStreamPerFrame:0]]
[2020.12.12-21.58.57:025][  0]LogConfig: Setting CVar [[r.Streaming.Boost:1]]
[2020.12.12-21.58.57:025][  0]LogConfig: Setting CVar [[r.MaxAnisotropy:8]]
[2020.12.12-21.58.57:025][  0]LogConfig: Setting CVar [[r.Streaming.LimitPoolSizeToVRAM:0]]
[2020.12.12-21.58.57:025][  0]LogConfig: Setting CVar [[r.Streaming.PoolSize:1000]]
[2020.12.12-21.58.57:025][  0]LogConfig: Setting CVar [[r.Streaming.MaxEffectiveScreenSize:0]]
[2020.12.12-21.58.57:025][  0]LogConfig: Applying CVar settings from Section [EffectsQuality@3] File [D:/MAZEGAME/MazeGame_OlaJanus/Saved/Config/Windows/Scalability.ini]
[2020.12.12-21.58.57:025][  0]LogConfig: Setting CVar [[r.TranslucencyLightingVolumeDim:64]]
[2020.12.12-21.58.57:025][  0]LogConfig: Setting CVar [[r.RefractionQuality:2]]
[2020.12.12-21.58.57:025][  0]LogConfig: Setting CVar [[r.SSR.Quality:3]]
[2020.12.12-21.58.57:025][  0]LogConfig: Setting CVar [[r.SceneColorFormat:4]]
[2020.12.12-21.58.57:025][  0]LogConfig: Setting CVar [[r.DetailMode:2]]
[2020.12.12-21.58.57:025][  0]LogConfig: Setting CVar [[r.TranslucencyVolumeBlur:1]]
[2020.12.12-21.58.57:025][  0]LogConfig: Setting CVar [[r.MaterialQualityLevel:1 ; High quality]]
[2020.12.12-21.58.57:025][  0]LogConfig: Setting CVar [[r.SSS.Scale:1]]
[2020.12.12-21.58.57:025][  0]LogConfig: Setting CVar [[r.SSS.SampleSet:2]]
[2020.12.12-21.58.57:025][  0]LogConfig: Setting CVar [[r.SSS.Quality:1]]
[2020.12.12-21.58.57:025][  0]LogConfig: Setting CVar [[r.SSS.HalfRes:1]]
[2020.12.12-21.58.57:025][  0]LogConfig: Setting CVar [[r.EmitterSpawnRateScale:1.0]]
[2020.12.12-21.58.57:025][  0]LogConfig: Setting CVar [[r.ParticleLightQuality:2]]
[2020.12.12-21.58.57:025][  0]LogConfig: Applying CVar settings from Section [FoliageQuality@3] File [D:/MAZEGAME/MazeGame_OlaJanus/Saved/Config/Windows/Scalability.ini]
[2020.12.12-21.58.57:025][  0]LogConfig: Setting CVar [[foliage.DensityScale:1.0]]
[2020.12.12-21.58.57:025][  0]LogConfig: Setting CVar [[grass.DensityScale:1.0]]
[2020.12.12-21.58.57:025][  0]LogConfig: Applying CVar settings from Section [Startup] File [../../../Engine/Config/ConsoleVariables.ini]
[2020.12.12-21.58.57:026][  0]LogConfig: Setting CVar [[net.UseAdaptiveNetUpdateFrequency:0]]
[2020.12.12-21.58.57:026][  0]LogConfig: Setting CVar [[p.chaos.AllowCreatePhysxBodies:1]]
[2020.12.12-21.58.57:026][  0]LogConfig: Applying CVar settings from Section [ConsoleVariables] File [D:/MAZEGAME/MazeGame_OlaJanus/Saved/Config/Windows/Engine.ini]
[2020.12.12-21.58.57:026][  0]LogInit: Computer: DESKTOP-MFI4SSN
[2020.12.12-21.58.57:026][  0]LogInit: User: Aleksandra
[2020.12.12-21.58.57:026][  0]LogInit: CPU Page size=4096, Cores=6
[2020.12.12-21.58.57:026][  0]LogInit: High frequency timer resolution =10.000000 MHz
[2020.12.12-21.58.57:026][  0]LogMemory: Memory total: Physical=31.9GB (32GB approx)
[2020.12.12-21.58.57:026][  0]LogMemory: Platform Memory Stats for Windows
[2020.12.12-21.58.57:026][  0]LogMemory: Process Physical Memory: 98.35 MB used, 98.36 MB peak
[2020.12.12-21.58.57:026][  0]LogMemory: Process Virtual Memory: 90.14 MB used, 90.14 MB peak
[2020.12.12-21.58.57:026][  0]LogMemory: Physical Memory: 10138.11 MB used,  22509.19 MB free, 32647.30 MB total
[2020.12.12-21.58.57:026][  0]LogMemory: Virtual Memory: 4661.13 MB used,  134213064.00 MB free, 134217728.00 MB total
[2020.12.12-21.58.57:044][  0]LogInit: Using OS detected language (pl-PL).
[2020.12.12-21.58.57:044][  0]LogInit: Using OS detected locale (pl-PL).
[2020.12.12-21.58.57:045][  0]LogTextLocalizationManager: No specific localization for 'pl-PL' exists, so the 'pl' localization will be used.
[2020.12.12-21.58.57:045][  0]LogTextLocalizationResource: LocRes '../../../Engine/Content/Localization/Editor/pl/Editor.locres' could not be opened for reading!
[2020.12.12-21.58.57:045][  0]LogTextLocalizationResource: LocRes '../../../Engine/Content/Localization/EditorTutorials/pl/EditorTutorials.locres' could not be opened for reading!
[2020.12.12-21.58.57:045][  0]LogTextLocalizationResource: LocRes '../../../Engine/Content/Localization/Keywords/pl/Keywords.locres' could not be opened for reading!
[2020.12.12-21.58.57:045][  0]LogTextLocalizationResource: LocRes '../../../Engine/Content/Localization/Category/pl/Category.locres' could not be opened for reading!
[2020.12.12-21.58.57:045][  0]LogTextLocalizationResource: LocRes '../../../Engine/Content/Localization/ToolTips/pl/ToolTips.locres' could not be opened for reading!
[2020.12.12-21.58.57:045][  0]LogTextLocalizationResource: LocRes '../../../Engine/Content/Localization/PropertyNames/pl/PropertyNames.locres' could not be opened for reading!
[2020.12.12-21.58.57:045][  0]LogTextLocalizationResource: LocRes '../../../Engine/Content/Localization/Engine/pl/Engine.locres' could not be opened for reading!
[2020.12.12-21.58.57:046][  0]LogInit: Setting process to per monitor DPI aware
[2020.12.12-21.58.57:074][  0]LogSlate: New Slate User Created.  User Index 0, Is Virtual User: 0
[2020.12.12-21.58.57:074][  0]LogSlate: Slate User Registered.  User Index 0, Is Virtual User: 0
[2020.12.12-21.58.57:212][  0]LogHMD: Failed to initialize OpenVR with code 110
[2020.12.12-21.58.57:212][  0]LogD3D11RHI: D3D11 adapters:
[2020.12.12-21.58.57:281][  0]LogD3D11RHI:    0. 'NVIDIA GeForce GTX 1080' (Feature Level 11_0)
[2020.12.12-21.58.57:281][  0]LogD3D11RHI:       8079/0/16323 MB DedicatedVideo/DedicatedSystem/SharedSystem, Outputs:1, VendorId:0x10de
[2020.12.12-21.58.57:300][  0]LogD3D11RHI:    1. 'Intel(R) UHD Graphics 630' (Feature Level 11_0)
[2020.12.12-21.58.57:300][  0]LogD3D11RHI:       128/0/16323 MB DedicatedVideo/DedicatedSystem/SharedSystem, Outputs:1, VendorId:0x8086
[2020.12.12-21.58.57:302][  0]LogD3D11RHI:    2. 'Microsoft Basic Render Driver' (Feature Level 11_0)
[2020.12.12-21.58.57:302][  0]LogD3D11RHI:       0/0/16323 MB DedicatedVideo/DedicatedSystem/SharedSystem, Outputs:0, VendorId:0x1414
[2020.12.12-21.58.57:302][  0]LogD3D11RHI: Chosen D3D11 Adapter: 0
[2020.12.12-21.58.57:309][  0]LogD3D11RHI: Creating new Direct3DDevice
[2020.12.12-21.58.57:309][  0]LogD3D11RHI:     GPU DeviceId: 0x1b80 (for the marketing name, search the web for "GPU Device Id")
[2020.12.12-21.58.57:309][  0]LogWindows: EnumDisplayDevices:
[2020.12.12-21.58.57:310][  0]LogWindows:    0. 'NVIDIA GeForce GTX 1080' (P:1 D:1)
[2020.12.12-21.58.57:310][  0]LogWindows:    1. 'NVIDIA GeForce GTX 1080' (P:0 D:0)
[2020.12.12-21.58.57:310][  0]LogWindows:    2. 'NVIDIA GeForce GTX 1080' (P:0 D:0)
[2020.12.12-21.58.57:310][  0]LogWindows:    3. 'NVIDIA GeForce GTX 1080' (P:0 D:0)
[2020.12.12-21.58.57:310][  0]LogWindows:    4. 'Intel(R) UHD Graphics 630' (P:0 D:1)
[2020.12.12-21.58.57:311][  0]LogWindows:    5. 'Intel(R) UHD Graphics 630' (P:0 D:0)
[2020.12.12-21.58.57:311][  0]LogWindows:    6. 'Intel(R) UHD Graphics 630' (P:0 D:0)
[2020.12.12-21.58.57:311][  0]LogWindows: DebugString: PrimaryIsNotTheChoosenAdapter PrimaryIsNotTheChoosenAdapter PrimaryIsNotTheChoosenAdapter FoundDriverCount:4 
[2020.12.12-21.58.57:311][  0]LogD3D11RHI:     Adapter Name: NVIDIA GeForce GTX 1080
[2020.12.12-21.58.57:311][  0]LogD3D11RHI:   Driver Version: 441.66 (internal:26.21.14.4166, unified:441.66)
[2020.12.12-21.58.57:311][  0]LogD3D11RHI:      Driver Date: 12-6-2019
[2020.12.12-21.58.57:311][  0]LogRHI: Texture pool is 5655 MB (70% of 8079 MB)
[2020.12.12-21.58.57:358][  0]LogD3D11RHI: Async texture creation enabled
[2020.12.12-21.58.57:365][  0]LogRendererCore: FGlobalReadBuffer::InitRHI
[2020.12.12-21.58.57:365][  0]LogRendererCore: FGlobalReadBuffer::InitRHI
[2020.12.12-21.58.57:365][  0]LogRendererCore: FGlobalReadBuffer::InitRHI
[2020.12.12-21.58.57:373][  0]LogD3D11RHI: GPU Timing Frequency: 1000.000000 (Debug: 2 1)
[2020.12.12-21.58.57:625][  0]LogTemp: Display: Module 'AllDesktopTargetPlatform' loaded TargetPlatform 'AllDesktop'
[2020.12.12-21.58.57:634][  0]LogTemp: Display: Module 'MacClientTargetPlatform' loaded TargetPlatform 'MacClient'
[2020.12.12-21.58.57:646][  0]LogTemp: Display: Module 'MacNoEditorTargetPlatform' loaded TargetPlatform 'MacNoEditor'
[2020.12.12-21.58.57:655][  0]LogTemp: Display: Module 'MacServerTargetPlatform' loaded TargetPlatform 'MacServer'
[2020.12.12-21.58.57:664][  0]LogTemp: Display: Module 'MacTargetPlatform' loaded TargetPlatform 'Mac'
[2020.12.12-21.58.57:674][  0]LogTemp: Display: Module 'WindowsClientTargetPlatform' loaded TargetPlatform 'WindowsClient'
[2020.12.12-21.58.57:684][  0]LogTemp: Display: Module 'WindowsNoEditorTargetPlatform' loaded TargetPlatform 'WindowsNoEditor'
[2020.12.12-21.58.57:693][  0]LogTemp: Display: Module 'WindowsServerTargetPlatform' loaded TargetPlatform 'WindowsServer'
[2020.12.12-21.58.57:697][  0]LogTemp: Display: Module 'WindowsTargetPlatform' loaded TargetPlatform 'Windows'
[2020.12.12-21.58.57:758][  0]LogTemp: Display: Module 'AndroidTargetPlatform' loaded TargetPlatform 'Android'
[2020.12.12-21.58.57:758][  0]LogTemp: Display: Module 'AndroidTargetPlatform' loaded TargetPlatform 'Android_ASTC'
[2020.12.12-21.58.57:758][  0]LogTemp: Display: Module 'AndroidTargetPlatform' loaded TargetPlatform 'Android_ATC'
[2020.12.12-21.58.57:758][  0]LogTemp: Display: Module 'AndroidTargetPlatform' loaded TargetPlatform 'Android_DXT'
[2020.12.12-21.58.57:758][  0]LogTemp: Display: Module 'AndroidTargetPlatform' loaded TargetPlatform 'Android_ETC1'
[2020.12.12-21.58.57:758][  0]LogTemp: Display: Module 'AndroidTargetPlatform' loaded TargetPlatform 'Android_ETC1a'
[2020.12.12-21.58.57:758][  0]LogTemp: Display: Module 'AndroidTargetPlatform' loaded TargetPlatform 'Android_ETC2'
[2020.12.12-21.58.57:758][  0]LogTemp: Display: Module 'AndroidTargetPlatform' loaded TargetPlatform 'Android_PVRTC'
[2020.12.12-21.58.57:758][  0]LogTemp: Display: Module 'AndroidTargetPlatform' loaded TargetPlatform 'AndroidClient'
[2020.12.12-21.58.57:758][  0]LogTemp: Display: Module 'AndroidTargetPlatform' loaded TargetPlatform 'Android_ASTCClient'
[2020.12.12-21.58.57:758][  0]LogTemp: Display: Module 'AndroidTargetPlatform' loaded TargetPlatform 'Android_ATCClient'
[2020.12.12-21.58.57:758][  0]LogTemp: Display: Module 'AndroidTargetPlatform' loaded TargetPlatform 'Android_DXTClient'
[2020.12.12-21.58.57:758][  0]LogTemp: Display: Module 'AndroidTargetPlatform' loaded TargetPlatform 'Android_ETC1Client'
[2020.12.12-21.58.57:758][  0]LogTemp: Display: Module 'AndroidTargetPlatform' loaded TargetPlatform 'Android_ETC1aClient'
[2020.12.12-21.58.57:758][  0]LogTemp: Display: Module 'AndroidTargetPlatform' loaded TargetPlatform 'Android_ETC2Client'
[2020.12.12-21.58.57:758][  0]LogTemp: Display: Module 'AndroidTargetPlatform' loaded TargetPlatform 'Android_PVRTCClient'
[2020.12.12-21.58.57:758][  0]LogTemp: Display: Module 'AndroidTargetPlatform' loaded TargetPlatform 'Android_Multi'
[2020.12.12-21.58.57:758][  0]LogTemp: Display: Module 'AndroidTargetPlatform' loaded TargetPlatform 'Android_MultiClient'
[2020.12.12-21.58.57:760][  0]LogTemp: Display: Module 'HTML5TargetPlatform' loaded TargetPlatform 'HTML5'
[2020.12.12-21.58.57:800][  0]LogTemp: Display: Module 'IOSTargetPlatform' loaded TargetPlatform 'IOSClient'
[2020.12.12-21.58.57:800][  0]LogTemp: Display: Module 'IOSTargetPlatform' loaded TargetPlatform 'IOS'
[2020.12.12-21.58.57:817][  0]LogTemp: Display: Module 'TVOSTargetPlatform' loaded TargetPlatform 'TVOSClient'
[2020.12.12-21.58.57:817][  0]LogTemp: Display: Module 'TVOSTargetPlatform' loaded TargetPlatform 'TVOS'
[2020.12.12-21.58.57:826][  0]LogTemp: Display: Module 'LinuxClientTargetPlatform' loaded TargetPlatform 'LinuxClient'
[2020.12.12-21.58.57:835][  0]LogTemp: Display: Module 'LinuxNoEditorTargetPlatform' loaded TargetPlatform 'LinuxNoEditor'
[2020.12.12-21.58.57:844][  0]LogTemp: Display: Module 'LinuxServerTargetPlatform' loaded TargetPlatform 'LinuxServer'
[2020.12.12-21.58.57:855][  0]LogTemp: Display: Module 'LinuxTargetPlatform' loaded TargetPlatform 'Linux'
[2020.12.12-21.58.57:887][  0]LogTemp: Display: Module 'LuminTargetPlatform' loaded TargetPlatform 'Lumin'
[2020.12.12-21.58.57:887][  0]LogTemp: Display: Module 'LuminTargetPlatform' loaded TargetPlatform 'LuminClient'
[2020.12.12-21.58.57:887][  0]LogTargetPlatformManager: Display: Building Assets For Windows
[2020.12.12-21.58.57:892][  0]LogAudioDebug: Display: Lib vorbis DLL was dynamically loaded.
[2020.12.12-21.58.57:923][  0]LogShaderCompilers: Guid format shader working directory is 12 characters bigger than the processId version (../../../../MAZEGAME/MazeGame_OlaJanus/Intermediate/Shaders/WorkingDirectory/17708/).
[2020.12.12-21.58.57:923][  0]LogShaderCompilers: Cleaned the shader compiler working directory 'C:/Users/Aleksandra/AppData/Local/Temp/UnrealShaderWorkingDir/E88D4A4F41775DDFE68A6F88ACB386B1/'.
[2020.12.12-21.58.57:924][  0]LogXGEController: Cleaning working directory: C:/Users/Aleksandra/AppData/Local/Temp/UnrealXGEWorkingDir/
[2020.12.12-21.58.57:924][  0]LogXGEController: Cannot use XGE Controller as Incredibuild is not installed on this machine.
[2020.12.12-21.58.57:924][  0]LogShaderCompilers: Cannot use XGE Shader Compiler as Incredibuild is not installed on this machine.
[2020.12.12-21.58.57:924][  0]LogShaderCompilers: Display: Using Local Shader Compiler.
[2020.12.12-21.58.58:350][  0]LogDerivedDataCache: Display: Max Cache Size: 512 MB
[2020.12.12-21.58.58:389][  0]LogDerivedDataCache: Loaded boot cache 0.04s 71MB C:/Users/Aleksandra/AppData/Local/UnrealEngine/4.22/DerivedDataCache/Boot.ddc.
[2020.12.12-21.58.58:390][  0]LogDerivedDataCache: Display: Loaded Boot cache: C:/Users/Aleksandra/AppData/Local/UnrealEngine/4.22/DerivedDataCache/Boot.ddc
[2020.12.12-21.58.58:390][  0]LogDerivedDataCache: FDerivedDataBackendGraph:  Pak pak cache file ../../../../MAZEGAME/MazeGame_OlaJanus/DerivedDataCache/DDC.ddp not found, will not use a pak cache.
[2020.12.12-21.58.58:390][  0]LogDerivedDataCache: Unable to find inner node Pak for hierarchical cache Hierarchy.
[2020.12.12-21.58.58:390][  0]LogDerivedDataCache: FDerivedDataBackendGraph:  CompressedPak pak cache file ../../../../MAZEGAME/MazeGame_OlaJanus/DerivedDataCache/Compressed.ddp not found, will not use a pak cache.
[2020.12.12-21.58.58:390][  0]LogDerivedDataCache: Unable to find inner node CompressedPak for hierarchical cache Hierarchy.
[2020.12.12-21.58.58:399][  0]LogDerivedDataCache: Display: Pak cache opened for reading ../../../Engine/DerivedDataCache/Compressed.ddp.
[2020.12.12-21.58.58:400][  0]LogDerivedDataCache: FDerivedDataBackendGraph:  EnterprisePak pak cache file ../../../Enterprise/DerivedDataCache/Compressed.ddp not found, will not use a pak cache.
[2020.12.12-21.58.58:400][  0]LogDerivedDataCache: Unable to find inner node EnterprisePak for hierarchical cache Hierarchy.
[2020.12.12-21.58.58:411][  0]LogDerivedDataCache: Using Local data cache path C:/Users/Aleksandra/AppData/Local/UnrealEngine/Common/DerivedDataCache: Writable
[2020.12.12-21.58.58:411][  0]LogDerivedDataCache: Shared data cache path not found in *engine.ini, will not use an Shared cache.
[2020.12.12-21.58.58:411][  0]LogDerivedDataCache: Unable to find inner node Shared for hierarchical cache Hierarchy.
[2020.12.12-21.58.58:428][  0]LogMaterial: Verifying Global Shaders for PCD3D_SM5
[2020.12.12-21.58.58:429][  0]LogSlate: Using FreeType 2.6.0
[2020.12.12-21.58.58:429][  0]LogSlate: SlateFontServices - WITH_FREETYPE: 1, WITH_HARFBUZZ: 1
[2020.12.12-21.58.58:499][  0]LogAssetRegistry: FAssetRegistry took 0.0298 seconds to start up
[2020.12.12-21.58.58:737][  0]LogInit: Selected Device Profile: [Windows]
[2020.12.12-21.58.58:835][  0]LogMeshReduction: Using QuadricMeshReduction for automatic static mesh reduction
[2020.12.12-21.58.58:835][  0]LogMeshReduction: Using SimplygonMeshReduction for automatic skeletal mesh reduction
[2020.12.12-21.58.58:835][  0]LogMeshReduction: Using ProxyLODMeshReduction for automatic mesh merging
[2020.12.12-21.58.58:835][  0]LogMeshReduction: No distributed automatic mesh merging module available
[2020.12.12-21.58.58:835][  0]LogMeshMerging: No distributed automatic mesh merging module available
[2020.12.12-21.58.58:844][  0]LogNetVersion: MazeGame_OlaJanus 1.0.0, NetCL: 5660361, EngineNetVer: 10, GameNetVer: 0 (Checksum: 2494924475)
[2020.12.12-21.58.59:133][  0]LogPackageLocalizationCache: Processed 10 localized package path(s) for 1 prioritized culture(s) in 0.020352 seconds
[2020.12.12-21.58.59:138][  0]LogUObjectArray: 42205 objects as part of root set at end of initial load.
[2020.12.12-21.58.59:138][  0]LogUObjectAllocator: 7325032 out of 0 bytes used by permanent object pool.
[2020.12.12-21.58.59:138][  0]LogUObjectArray: CloseDisregardForGC: 0/0 objects in disregard for GC pool
[2020.12.12-21.58.59:759][  0]LogTcpMessaging: Initializing TcpMessaging bridge
[2020.12.12-21.58.59:771][  0]LogUdpMessaging: Initializing bridge on interface 0.0.0.0:0 to multicast group 230.0.0.1:6666.
[2020.12.12-21.58.59:866][  0]SourceControl: Source control is disabled
[2020.12.12-21.58.59:866][  0]SourceControl: Source control is disabled
[2020.12.12-21.58.59:866][  0]SourceControl: Source control is disabled
[2020.12.12-21.58.59:868][  0]SourceControl: Source control is disabled
[2020.12.12-21.58.59:925][  0]LogAndroidPermission: UAndroidPermissionCallbackProxy::GetInstance
[2020.12.12-21.59.00:044][  0]LogOcInput: OculusInput pre-init called
[2020.12.12-21.59.00:579][  0]LogEngine: Initializing Engine...
[2020.12.12-21.59.00:579][  0]LogHMD: Failed to initialize OpenVR with code 110
[2020.12.12-21.59.00:580][  0]LogStats: UGameplayTagsManager::InitializeManager -  0.000 s
[2020.12.12-21.59.00:750][  0]LogInit: Initializing FReadOnlyCVARCache
[2020.12.12-21.59.00:759][  0]LogAIModule: Creating AISystem for world Untitled
[2020.12.12-21.59.00:800][  0]LogInit: XAudio2 using 'Głośniki (Realtek(R) Audio)' : 2 channels at 48 kHz using 32 bits per sample (channel mask 0x3)
[2020.12.12-21.59.00:822][  0]LogInit: FAudioDevice initialized.
[2020.12.12-21.59.00:822][  0]LogNetVersion: Set ProjectVersion to 1.0.0.0. Version Checksum will be recalculated on next use.
[2020.12.12-21.59.00:883][  0]LogDerivedDataCache: Saved boot cache 0.06s 71MB C:/Users/Aleksandra/AppData/Local/UnrealEngine/4.22/DerivedDataCache/Boot.ddc.
[2020.12.12-21.59.00:886][  0]LogInit: Texture streaming: Enabled
[2020.12.12-21.59.00:897][  0]LogEngineSessionManager: EngineSessionManager initialized
[2020.12.12-21.59.00:910][  0]LogInit: Transaction tracking system initialized
[2020.12.12-21.59.00:922][  0]BlueprintLog: New page: Editor Load
[2020.12.12-21.59.00:969][  0]LocalizationService: Localization service is disabled
[2020.12.12-21.59.01:179][  0]LogFileCache: Scanning file cache for directory 'D:/MAZEGAME/MazeGame_OlaJanus/Content/' took 0.01s
[2020.12.12-21.59.01:179][  0]LogCook: Display: Max memory allowance for cook 16384mb min free memory 0mb
[2020.12.12-21.59.01:179][  0]LogCook: Display: Mobile HDR setting 1
[2020.12.12-21.59.01:299][  0]SourceControl: Source control is disabled
[2020.12.12-21.59.01:299][  0]Cmd: MAP LOAD FILE="../../../../MAZEGAME/MazeGame_OlaJanus/Content/StarterContent/Maps/Minimal_Default.umap" TEMPLATE=0 SHOWPROGRESS=1 FEATURELEVEL=3
[2020.12.12-21.59.01:299][  0]LightingResults: New page: Lighting Build
[2020.12.12-21.59.01:300][  0]MapCheck: New page: Map Check
[2020.12.12-21.59.01:300][  0]LightingResults: New page: Lighting Build
[2020.12.12-21.59.01:326][  0]LogUObjectHash: Compacting FUObjectHashTables data took   1.25ms
[2020.12.12-21.59.01:469][  0]LogAIModule: Creating AISystem for world Minimal_Default
[2020.12.12-21.59.01:474][  0]LogEditorServer: Finished looking for orphan Actors (0.000 secs)
[2020.12.12-21.59.01:496][  0]LogUObjectHash: Compacting FUObjectHashTables data took   1.55ms
[2020.12.12-21.59.01:496][  0]Cmd: MAP CHECKDEP NOCLEARLOG
[2020.12.12-21.59.01:496][  0]MapCheck: Map check complete: 0 Error(s), 0 Warning(s), took 0,087ms to complete.
[2020.12.12-21.59.01:496][  0]LogFileHelpers: Loading map 'Minimal_Default' took 0.198
[2020.12.12-21.59.01:595][  0]LogSlate: Updating window title bar state: overlay mode, drag disabled, window buttons hidden, title bar hidden
[2020.12.12-21.59.01:601][  0]LogSlate: Updating window title bar state: overlay mode, drag disabled, window buttons hidden, title bar hidden
[2020.12.12-21.59.01:607][  0]LogSlate: Updating window title bar state: overlay mode, drag disabled, window buttons hidden, title bar hidden
[2020.12.12-21.59.01:613][  0]LogSlate: Updating window title bar state: overlay mode, drag disabled, window buttons hidden, title bar hidden
[2020.12.12-21.59.01:616][  0]LogCollectionManager: Loaded 0 collections in 0.000645 seconds
[2020.12.12-21.59.01:652][  0]LogFileCache: Scanning file cache for directory 'D:/MAZEGAME/MazeGame_OlaJanus/Saved/Collections/' took 0.01s
[2020.12.12-21.59.01:652][  0]LogFileCache: Scanning file cache for directory 'D:/MAZEGAME/MazeGame_OlaJanus/Content/Developers/Aleksandra/Collections/' took 0.01s
[2020.12.12-21.59.01:652][  0]LogFileCache: Scanning file cache for directory 'D:/MAZEGAME/MazeGame_OlaJanus/Content/Collections/' took 0.01s
[2020.12.12-21.59.01:652][  0]LogCollectionManager: Rebuilt the GUID cache for 0 collections in 0.000000 seconds
[2020.12.12-21.59.01:659][  0]LogContentBrowser: Native class hierarchy populated in 0.0067 seconds. Added 2732 classes and 659 folders.
[2020.12.12-21.59.01:663][  0]LogContentBrowser: Native class hierarchy updated for 'WidgetCarousel' in 0.0002 seconds. Added 0 classes and 0 folders.
[2020.12.12-21.59.01:664][  0]LogPakFile: Registered encryption key '00000000000000000000000000000000': 0 pak files mounted, 0 remain pending
[2020.12.12-21.59.01:664][  0]LogPakFile: Registered encryption key '00000000000000000000000000000000': 0 pak files mounted, 0 remain pending
[2020.12.12-21.59.01:665][  0]LogPakFile: Registered encryption key '00000000000000000000000000000000': 0 pak files mounted, 0 remain pending
[2020.12.12-21.59.01:665][  0]LogPakFile: Registered encryption key '00000000000000000000000000000000': 0 pak files mounted, 0 remain pending
[2020.12.12-21.59.01:665][  0]LogPakFile: Registered encryption key '00000000000000000000000000000000': 0 pak files mounted, 0 remain pending
[2020.12.12-21.59.01:666][  0]LogPakFile: Registered encryption key '00000000000000000000000000000000': 0 pak files mounted, 0 remain pending
[2020.12.12-21.59.01:666][  0]LogPakFile: Registered encryption key '00000000000000000000000000000000': 0 pak files mounted, 0 remain pending
[2020.12.12-21.59.01:666][  0]LogPakFile: Registered encryption key '00000000000000000000000000000000': 0 pak files mounted, 0 remain pending
[2020.12.12-21.59.01:667][  0]LogPakFile: Registered encryption key '00000000000000000000000000000000': 0 pak files mounted, 0 remain pending
[2020.12.12-21.59.01:667][  0]LogPakFile: Registered encryption key '00000000000000000000000000000000': 0 pak files mounted, 0 remain pending
[2020.12.12-21.59.01:667][  0]LogPakFile: Registered encryption key '00000000000000000000000000000000': 0 pak files mounted, 0 remain pending
[2020.12.12-21.59.01:668][  0]LogPakFile: Registered encryption key '00000000000000000000000000000000': 0 pak files mounted, 0 remain pending
[2020.12.12-21.59.01:668][  0]LogPakFile: Registered encryption key '00000000000000000000000000000000': 0 pak files mounted, 0 remain pending
[2020.12.12-21.59.01:668][  0]LogPakFile: Registered encryption key '00000000000000000000000000000000': 0 pak files mounted, 0 remain pending
[2020.12.12-21.59.01:669][  0]LogPakFile: Registered encryption key '00000000000000000000000000000000': 0 pak files mounted, 0 remain pending
[2020.12.12-21.59.01:669][  0]LogPakFile: Registered encryption key '00000000000000000000000000000000': 0 pak files mounted, 0 remain pending
[2020.12.12-21.59.01:670][  0]LogPakFile: Registered encryption key '00000000000000000000000000000000': 0 pak files mounted, 0 remain pending
[2020.12.12-21.59.01:670][  0]LogPakFile: Registered encryption key '00000000000000000000000000000000': 0 pak files mounted, 0 remain pending
[2020.12.12-21.59.01:670][  0]LogPakFile: Registered encryption key '00000000000000000000000000000000': 0 pak files mounted, 0 remain pending
[2020.12.12-21.59.01:671][  0]LogPakFile: Registered encryption key '00000000000000000000000000000000': 0 pak files mounted, 0 remain pending
[2020.12.12-21.59.01:671][  0]LogPakFile: Registered encryption key '00000000000000000000000000000000': 0 pak files mounted, 0 remain pending
[2020.12.12-21.59.01:671][  0]LogPakFile: Registered encryption key '00000000000000000000000000000000': 0 pak files mounted, 0 remain pending
[2020.12.12-21.59.01:672][  0]LogPakFile: Registered encryption key '00000000000000000000000000000000': 0 pak files mounted, 0 remain pending
[2020.12.12-21.59.01:672][  0]LogPakFile: Registered encryption key '00000000000000000000000000000000': 0 pak files mounted, 0 remain pending
[2020.12.12-21.59.01:672][  0]LogPakFile: Registered encryption key '00000000000000000000000000000000': 0 pak files mounted, 0 remain pending
[2020.12.12-21.59.01:673][  0]LogPakFile: Registered encryption key '00000000000000000000000000000000': 0 pak files mounted, 0 remain pending
[2020.12.12-21.59.01:692][  0]LogContentBrowser: Native class hierarchy updated for 'AddContentDialog' in 0.0002 seconds. Added 0 classes and 0 folders.
[2020.12.12-21.59.01:696][  0]LogContentBrowser: Native class hierarchy updated for 'SceneOutliner' in 0.0002 seconds. Added 1 classes and 2 folders.
[2020.12.12-21.59.01:745][  0]LogSlate: Took 0.000120 seconds to synchronously load lazily loaded font '../../../Engine/Content/Slate/Fonts/Roboto-Regular.ttf' (155K)
[2020.12.12-21.59.01:746][  0]LogSlate: Took 0.000086 seconds to synchronously load lazily loaded font '../../../Engine/Content/Slate/Fonts/Roboto-Bold.ttf' (160K)
[2020.12.12-21.59.01:750][  0]LogSlate: Took 0.000114 seconds to synchronously load lazily loaded font '../../../Engine/Content/Editor/Slate/Fonts/FontAwesome.ttf' (139K)
[2020.12.12-21.59.01:800][  0]LogRenderer: Reallocating scene render targets to support 1620x808 Format 10 NumSamples 1 (Frame:1).
[2020.12.12-21.59.01:908][  0]LogContentBrowser: Native class hierarchy updated for 'HierarchicalLODOutliner' in 0.0002 seconds. Added 0 classes and 0 folders.
[2020.12.12-21.59.01:908][  0]LogLoad: (Engine Initialization) Total time: 6.56 seconds
[2020.12.12-21.59.01:908][  0]LogLoad: (Engine Initialization) Total Blueprint compile time: 0.00 seconds
[2020.12.12-21.59.01:938][  0]LogAssetRegistry: Asset discovery search completed in 3.4609 seconds
[2020.12.12-21.59.01:939][  0]LogCollectionManager: Rebuilt the object cache for 0 collections in 0.000001 seconds (found 0 objects)
[2020.12.12-21.59.01:939][  0]LogCollectionManager: Fixed up redirectors for 0 collections in 0.000034 seconds (updated 0 objects)
[2020.12.12-21.59.01:941][  0]LogContentStreaming: Texture pool size now 1000 MB
[2020.12.12-21.59.04:727][184]LogSlate: FSceneViewport::OnFocusLost() reason 0
[2020.12.12-21.59.07:213][470]LogSlate: Took 0.000113 seconds to synchronously load lazily loaded font '../../../Engine/Content/Slate/Fonts/Roboto-Light.ttf' (167K)
[2020.12.12-21.59.09:120][692]LogUObjectHash: Compacting FUObjectHashTables data took   0.51ms
[2020.12.12-21.59.09:120][692]Cmd: MAP LOAD FILE="../../../../MAZEGAME/MazeGame_OlaJanus/Content/StarterContent/Maps/Level1.umap" TEMPLATE=0 SHOWPROGRESS=1 FEATURELEVEL=3
[2020.12.12-21.59.09:122][692]LogSlate: Took 0.000088 seconds to synchronously load lazily loaded font '../../../Engine/Content/Slate/Fonts/Roboto-Light.ttf' (167K)
[2020.12.12-21.59.09:129][692]LightingResults: New page: Lighting Build
[2020.12.12-21.59.09:130][692]LoadErrors: New page: Loading map: Level1.umap
[2020.12.12-21.59.09:131][692]MapCheck: New page: Map Check
[2020.12.12-21.59.09:131][692]LightingResults: New page: Lighting Build
[2020.12.12-21.59.09:155][692]LogUObjectHash: Compacting FUObjectHashTables data took   1.36ms
[2020.12.12-21.59.09:205][692]LogAIModule: Creating AISystem for world Level1
[2020.12.12-21.59.09:253][692]LogEditorServer: Finished looking for orphan Actors (0.000 secs)
[2020.12.12-21.59.09:277][692]LogUObjectHash: Compacting FUObjectHashTables data took   1.56ms
[2020.12.12-21.59.09:287][692]Cmd: MAP CHECKDEP NOCLEARLOG
[2020.12.12-21.59.09:287][692]MapCheck: Map check complete: 0 Error(s), 0 Warning(s), took 0,063ms to complete.
[2020.12.12-21.59.09:287][692]LogFileHelpers: Loading map 'Level1' took 0.168
[2020.12.12-21.59.09:288][692]LogSlate: Window 'Open Level' being destroyed
[2020.12.12-21.59.11:755][981]LogEditorViewport: Clicking on Actor (LMB): StaticMeshActor (Floor)
[2020.12.12-21.59.12:534][ 69]Cmd: DELETE
[2020.12.12-21.59.12:534][ 69]Cmd: ACTOR DELETE
[2020.12.12-21.59.12:535][ 69]LogEditorActor: Deleted Actor: StaticMeshActor
[2020.12.12-21.59.12:557][ 69]LogUObjectHash: Compacting FUObjectHashTables data took   0.51ms
[2020.12.12-21.59.12:557][ 69]LogEditorActor: Deleted 1 Actors (0.023 secs)
[2020.12.12-21.59.18:683][783]LogSlate: FSceneViewport::OnFocusLost() reason 0
[2020.12.12-21.59.29:461][ 29]LogEditorBookmarks: Warning: FBookmarkTypeToolsImpl::JumpToBookmark - Null Bookmark at index 2
[2020.12.12-21.59.29:744][ 63]LogEditorBookmarks: Warning: FBookmarkTypeToolsImpl::JumpToBookmark - Null Bookmark at index 3
[2020.12.12-21.59.31:175][231]LogEditorBookmarks: Warning: FBookmarkTypeToolsImpl::JumpToBookmark - Null Bookmark at index 3
[2020.12.12-21.59.31:542][275]LogEditorBookmarks: Warning: FBookmarkTypeToolsImpl::JumpToBookmark - Null Bookmark at index 4
[2020.12.12-21.59.31:973][326]LogEditorViewport: Clicking on Actor (LMB): BP_Sky_Sphere_C (Sky Sphere)
[2020.12.12-21.59.32:680][407]LogEditorViewport: Clicking on Actor (LMB): TriggerBox (TriggerBox)
[2020.12.12-21.59.33:164][461]LogEditorBookmarks: Warning: FBookmarkTypeToolsImpl::JumpToBookmark - Null Bookmark at index 3
[2020.12.12-21.59.33:539][506]LogEditorBookmarks: Warning: FBookmarkTypeToolsImpl::JumpToBookmark - Null Bookmark at index 4
[2020.12.12-21.59.45:992][958]LogSlate: FSceneViewport::OnFocusLost() reason 0
[2020.12.12-21.59.46:050][965]Cmd: MODE GRID=0
[2020.12.12-22.00.27:659][934]LogSlate: FSceneViewport::OnFocusLost() reason 2
[2020.12.12-22.00.57:774][930]LogSlate: FSceneViewport::OnFocusLost() reason 2
[2020.12.12-22.01.00:521][252]EditorErrors: New page: Actor attachment
[2020.12.12-22.01.03:140][561]LogSlate: FSceneViewport::OnFocusLost() reason 2
[2020.12.12-22.01.03:146][561]Cmd: OBJ SAVEPACKAGE PACKAGE="/Game/StarterContent/Maps/Level1" FILE="../../../../MAZEGAME/MazeGame_OlaJanus/Content/StarterContent/Maps/Level1.umap" SILENT=true AUTOSAVING=false KEEPDIRTY=false
[2020.12.12-22.01.03:171][561]LogUObjectHash: Compacting FUObjectHashTables data took   0.98ms
[2020.12.12-22.01.03:250][561]LogSavePackage: Moving '../../../../MAZEGAME/MazeGame_OlaJanus/Saved/Level131EB44DE4D46BBDD9537E2BF878EAEC8.tmp' to '../../../../MAZEGAME/MazeGame_OlaJanus/Content/StarterContent/Maps/Level1.umap'
[2020.12.12-22.01.03:261][561]Cmd: OBJ SAVEPACKAGE PACKAGE="/Game/StarterContent/Maps/Level1_BuiltData" FILE="../../../../MAZEGAME/MazeGame_OlaJanus/Content/StarterContent/Maps/Level1_BuiltData.uasset" SILENT=true
[2020.12.12-22.01.03:270][561]LogSavePackage: Moving '../../../../MAZEGAME/MazeGame_OlaJanus/Saved/Level1_BuiltData160381324C2B8DB412F691B4C06D40C6.tmp' to '../../../../MAZEGAME/MazeGame_OlaJanus/Content/StarterContent/Maps/Level1_BuiltData.uasset'
[2020.12.12-22.01.24:321][313]LogAssetEditorManager: Opening Asset editor for LevelScriptBlueprint /Game/StarterContent/Maps/Level1.Level1:PersistentLevel.Level1
[2020.12.12-22.01.24:501][313]LogContentBrowser: Native class hierarchy updated for 'BlueprintGraph' in 0.0005 seconds. Added 121 classes and 0 folders.
[2020.12.12-22.01.25:042][313]LogSlate: Took 0.000115 seconds to synchronously load lazily loaded font '../../../Engine/Content/Slate/Fonts/Roboto-BoldCondensed.ttf' (158K)
[2020.12.12-22.01.25:078][314]LogSlate: Took 0.000163 seconds to synchronously load lazily loaded font '../../../Engine/Content/Slate/Fonts/Roboto-Italic.ttf' (157K)
[2020.12.12-22.06.08:971][543]LogRHI: Error: SyncInterval 0
[2020.12.12-22.06.08:971][543]LogRHI: Error: SwapChainDesc.BufferDesc.Width 512
[2020.12.12-22.06.08:971][543]LogRHI: Error: SwapChainDesc.BufferDesc.Height 256
[2020.12.12-22.06.08:971][543]LogRHI: Error: SwapChainDesc.BufferDesc.RefreshRate.Numerator 0
[2020.12.12-22.06.08:971][543]LogRHI: Error: SwapChainDesc.BufferDesc.RefreshRate.Denominator 0
[2020.12.12-22.06.08:971][543]LogRHI: Error: SwapChainDesc.BufferDesc.Format 24
[2020.12.12-22.06.08:971][543]LogRHI: Error: SwapChainDesc.BufferDesc.ScanlineOrdering 0
[2020.12.12-22.06.08:971][543]LogRHI: Error: SwapChainDesc.BufferDesc.Scaling 0
[2020.12.12-22.06.08:971][543]LogRHI: Error: SwapChainDesc.SampleDesc.Count 1
[2020.12.12-22.06.08:971][543]LogRHI: Error: SwapChainDesc.SampleDesc.Quality 0
[2020.12.12-22.06.08:971][543]LogRHI: Error: SwapChainDesc.BufferUsage 48
[2020.12.12-22.06.08:971][543]LogRHI: Error: SwapChainDesc.BufferCount 1
[2020.12.12-22.06.08:971][543]LogRHI: Error: SwapChainDesc.OutputWindow 00000000000A09DC
[2020.12.12-22.06.08:971][543]LogRHI: Error: SwapChainDesc.Windowed true
[2020.12.12-22.06.08:971][543]LogRHI: Error: SwapChainDesc.SwapEffect 0
[2020.12.12-22.06.08:971][543]LogRHI: Error: SwapChainDesc.Flags 2
[2020.12.12-22.06.08:971][543]LogD3D11RHI: Error: Result failed 
 at D:\Build\++UE4\Sync\Engine\Source\Runtime\Windows\D3D11RHI\Private\D3D11Viewport.cpp:361 
 with error 887A0022
[2020.12.12-22.06.08:998][543]LogWindows: Windows GetLastError: Operacja ukończona pomyślnie. (0)
[2020.12.12-22.06.15:061][543]LogThreadingWindows: Error: Runnable thread RenderThread 1 crashed.
[2020.12.12-22.06.15:061][543]LogWindows: Error: === Critical error: ===
[2020.12.12-22.06.15:061][543]LogWindows: Error: 
[2020.12.12-22.06.15:061][543]LogWindows: Error: Fatal error: [File:D:\Build\++UE4\Sync\Engine\Source\Runtime\Windows\D3D11RHI\Private\D3D11Util.cpp] [Line: 249] 
[2020.12.12-22.06.15:061][543]LogWindows: Error: Result failed 
[2020.12.12-22.06.15:061][543]LogWindows: Error:  at D:\Build\++UE4\Sync\Engine\Source\Runtime\Windows\D3D11RHI\Private\D3D11Viewport.cpp:361 
[2020.12.12-22.06.15:061][543]LogWindows: Error:  with error 887A0022
[2020.12.12-22.06.15:061][543]LogWindows: Error: 
[2020.12.12-22.06.15:061][543]LogWindows: Error: 
[2020.12.12-22.06.15:061][543]LogWindows: Error: [Callstack] 0x00007ffc0117d759 KERNELBASE.dll!UnknownFunction []
[2020.12.12-22.06.15:061][543]LogWindows: Error: [Callstack] 0x00007ffb88131f37 UE4Editor-Core.dll!UnknownFunction []
[2020.12.12-22.06.15:061][543]LogWindows: Error: [Callstack] 0x00007ffb881346e7 UE4Editor-Core.dll!UnknownFunction []
[2020.12.12-22.06.15:061][543]LogWindows: Error: [Callstack] 0x00007ffb87f47d1a UE4Editor-Core.dll!UnknownFunction []
[2020.12.12-22.06.15:061][543]LogWindows: Error: [Callstack] 0x00007ffb87ecfe33 UE4Editor-Core.dll!UnknownFunction []
[2020.12.12-22.06.15:061][543]LogWindows: Error: [Callstack] 0x00007ffb87ecfd18 UE4Editor-Core.dll!UnknownFunction []
[2020.12.12-22.06.15:061][543]LogWindows: Error: [Callstack] 0x00007ffb6d1b644a UE4Editor-D3D11RHI.dll!UnknownFunction []
[2020.12.12-22.06.15:061][543]LogWindows: Error: [Callstack] 0x00007ffb6d19875e UE4Editor-D3D11RHI.dll!UnknownFunction []
[2020.12.12-22.06.15:061][543]LogWindows: Error: [Callstack] 0x00007ffb6d1a480b UE4Editor-D3D11RHI.dll!UnknownFunction []
[2020.12.12-22.06.15:061][543]LogWindows: Error: [Callstack] 0x00007ffb91c6e8e0 UE4Editor-RHI.dll!UnknownFunction []
[2020.12.12-22.06.15:061][543]LogWindows: Error: [Callstack] 0x00007ffb91c6e4c4 UE4Editor-RHI.dll!UnknownFunction []
[2020.12.12-22.06.15:061][543]LogWindows: Error: [Callstack] 0x00007ffb91c6f444 UE4Editor-RHI.dll!UnknownFunction []
[2020.12.12-22.06.15:061][543]LogWindows: Error: [Callstack] 0x00007ffb91c66bb4 UE4Editor-RHI.dll!UnknownFunction []
[2020.12.12-22.06.15:061][543]LogWindows: Error: [Callstack] 0x00007ffb6cf3769b UE4Editor-SlateRHIRenderer.dll!UnknownFunction []
[2020.12.12-22.06.15:061][543]LogWindows: Error: [Callstack] 0x00007ffb6cf3e220 UE4Editor-SlateRHIRenderer.dll!UnknownFunction []
[2020.12.12-22.06.15:061][543]LogWindows: Error: [Callstack] 0x00007ffb87d522d8 UE4Editor-Core.dll!UnknownFunction []
[2020.12.12-22.06.15:061][543]LogWindows: Error: [Callstack] 0x00007ffb87d52563 UE4Editor-Core.dll!UnknownFunction []
[2020.12.12-22.06.15:061][543]LogWindows: Error: [Callstack] 0x00007ffb91dc59f1 UE4Editor-RenderCore.dll!UnknownFunction []
[2020.12.12-22.06.15:061][543]LogWindows: Error: [Callstack] 0x00007ffb91dcc184 UE4Editor-RenderCore.dll!UnknownFunction []
[2020.12.12-22.06.15:063][543]LogWindows: Error: [Callstack] 0x00007ffb88144b3f UE4Editor-Core.dll!UnknownFunction []
[2020.12.12-22.06.15:063][543]LogWindows: Error: [Callstack] 0x00007ffb881408a7 UE4Editor-Core.dll!UnknownFunction []
[2020.12.12-22.06.15:063][543]LogWindows: Error: [Callstack] 0x00007ffc02ef7034 KERNEL32.DLL!UnknownFunction []
[2020.12.12-22.06.15:063][543]LogWindows: Error: [Callstack] 0x00007ffc037dd0d1 ntdll.dll!UnknownFunction []
[2020.12.12-22.06.15:063][543]LogWindows: Error: 
[2020.12.12-22.06.15:063][543]LogWindows: Error: Crash in runnable thread RenderThread 1
[2020.12.12-22.06.15:103][543]LogOutputDevice: Warning: 

Script Stack (0 frames):

[2020.12.12-22.06.15:103][543]LogWindows: Windows GetLastError: Operacja ukończona pomyślnie. (0)
[2020.12.12-22.06.15:103][543]LogWindows: Error: HandleError re-entered.
[2020.12.12-22.06.15:103][543]LogWindows: FPlatformMisc::RequestExit(1)
[2020.12.12-22.06.15:137][543]Log file closed, 12/12/20 23:06:15
